<?xml version="1.0" encoding="UTF-8"?>
<!-- Generated by org.testng.reporters.JUnitReportReporter -->
<testsuite hostname="LAPTOP-69BCBIIP" failures="0" tests="1" name="testcases.PostRegisterSuccessful" time="1.899" errors="0" timestamp="2022-01-21T10:49:07 IST" skipped="0">
  <testcase classname="testcases.PostRegisterSuccessful" name="validatePostRegisterSuccessful" time="1.899"/>
  <system-out/>
</testsuite> <!-- testcases.PostRegisterSuccessful -->
