<?xml version="1.0" encoding="UTF-8"?>
<!-- Generated by org.testng.reporters.JUnitReportReporter -->
<testsuite hostname="LAPTOP-69BCBIIP" failures="0" tests="1" name="testcases.ExtrectValuesFromBody" time="2.171" errors="0" timestamp="2022-01-21T14:42:27 IST" skipped="0">
  <testcase classname="testcases.ExtrectValuesFromBody" name="getValue" time="2.171"/>
  <system-out/>
</testsuite> <!-- testcases.ExtrectValuesFromBody -->
