<?xml version="1.0" encoding="UTF-8"?>
<!-- Generated by org.testng.reporters.JUnitReportReporter -->
<testsuite hostname="LAPTOP-69BCBIIP" failures="0" tests="1" name="testcases.PutRequest" time="1.755" errors="0" timestamp="2022-01-20T16:40:13 IST" skipped="0">
  <testcase classname="testcases.PutRequest" name="putRequestTest" time="1.755"/>
  <system-out/>
</testsuite> <!-- testcases.PutRequest -->
