<?xml version="1.0" encoding="UTF-8"?>
<!-- Generated by org.testng.reporters.JUnitReportReporter -->
<testsuite hostname="LAPTOP-69BCBIIP" failures="0" tests="1" name="testcases.PatchRequest" time="1.696" errors="0" timestamp="2022-01-20T16:51:36 IST" skipped="0">
  <testcase classname="testcases.PatchRequest" name="patchRequestTest" time="1.696"/>
  <system-out/>
</testsuite> <!-- testcases.PatchRequest -->
