<?xml version="1.0" encoding="UTF-8"?>
<!-- Generated by org.testng.reporters.JUnitReportReporter -->
<testsuite hostname="LAPTOP-69BCBIIP" failures="0" tests="1" name="testcases.GetSingleUserNotFound" time="1.594" errors="0" timestamp="2022-01-20T18:55:48 IST" skipped="0">
  <testcase classname="testcases.GetSingleUserNotFound" name="validateGetSingleUserNotFound" time="1.594"/>
  <system-out/>
</testsuite> <!-- testcases.GetSingleUserNotFound -->
