<?xml version="1.0" encoding="UTF-8"?>
<!-- Generated by org.testng.reporters.JUnitReportReporter -->
<testsuite hostname="LAPTOP-69BCBIIP" failures="0" tests="1" name="testcases.GetRequest" time="1.232" errors="0" timestamp="2022-01-19T17:23:38 IST" skipped="0">
  <testcase classname="testcases.GetRequest" name="getUsersListTest" time="1.232"/>
  <system-out/>
</testsuite> <!-- testcases.GetRequest -->
