<?xml version="1.0" encoding="UTF-8"?>
<!-- Generated by org.testng.reporters.JUnitReportReporter -->
<testsuite hostname="LAPTOP-69BCBIIP" failures="0" tests="1" name="testcases.Assignment8v2" time="5.093" errors="0" timestamp="2022-01-21T16:54:59 IST" skipped="0">
  <testcase classname="testcases.Assignment8v2" name="test" time="5.093"/>
  <system-out/>
</testsuite> <!-- testcases.Assignment8v2 -->
