<?xml version="1.0" encoding="UTF-8"?>
<!-- Generated by org.testng.reporters.JUnitReportReporter -->
<testsuite hostname="LAPTOP-69BCBIIP" failures="0" tests="1" name="testcases.DeleteRequest" time="1.618" errors="0" timestamp="2022-01-20T17:09:57 IST" skipped="0">
  <testcase classname="testcases.DeleteRequest" name="deleteRequestTest" time="1.618"/>
  <system-out/>
</testsuite> <!-- testcases.DeleteRequest -->
