<?xml version="1.0" encoding="UTF-8"?>
<!-- Generated by org.testng.reporters.JUnitReportReporter -->
<testsuite hostname="LAPTOP-69BCBIIP" failures="0" tests="1" name="testcases.PostRequest" time="1.709" errors="0" timestamp="2022-01-21T10:33:46 IST" skipped="0">
  <testcase classname="testcases.PostRequest" name="postRequestTest" time="1.709"/>
  <system-out/>
</testsuite> <!-- testcases.PostRequest -->
