<?xml version="1.0" encoding="UTF-8"?>
<!-- Generated by org.testng.reporters.JUnitReportReporter -->
<testsuite hostname="LAPTOP-69BCBIIP" failures="0" tests="8" name="testcases.Assignment8" time="7.847" errors="0" timestamp="2022-01-21T18:21:37 IST" skipped="0">
  <testcase classname="testcases.Assignment8" name="validateGetSingleResourceNotFound" time="0.386"/>
  <system-out/>
  <testcase classname="testcases.Assignment8" name="validatePostLoginUnsuccessful" time="0.433"/>
  <system-out/>
  <testcase classname="testcases.Assignment8" name="test" time="5.481"/>
  <system-out/>
  <testcase classname="testcases.Assignment8" name="validateGetSingleUserNotFound" time="0.411"/>
  <system-out/>
  <testcase classname="testcases.Assignment8" name="validateGetListResources" time="0.163"/>
  <system-out/>
  <testcase classname="testcases.Assignment8" name="validateGetSingleResource" time="0.161"/>
  <system-out/>
  <testcase classname="testcases.Assignment8" name="validatePostRegisterUnsuccessful" time="0.407"/>
  <system-out/>
  <testcase classname="testcases.Assignment8" name="validatePostRegisterSuccessful" time="0.405"/>
  <system-out/>
</testsuite> <!-- testcases.Assignment8 -->
